Analysis & Synthesis report for ly_2257_7
Tue Dec 07 19:17:11 2021
Quartus Prime Version 18.1.0 Build 625 09/12/2018 SJ Lite Edition


---------------------
; Table of Contents ;
---------------------
  1. Legal Notice
  2. Analysis & Synthesis Summary
  3. Analysis & Synthesis Settings
  4. Parallel Compilation
  5. Analysis & Synthesis Source Files Read
  6. Analysis & Synthesis Resource Usage Summary
  7. Analysis & Synthesis Resource Utilization by Entity
  8. User-Specified and Inferred Latches
  9. General Register Statistics
 10. Multiplexer Restructuring Statistics (Restructuring Performed)
 11. Parameter Settings for User Entity Instance: ly_2257_7_3:play|ly_2257_7_1:l1
 12. Parameter Settings for User Entity Instance: ly_2257_7_3:play|ly_2257_7_1:l2
 13. Parameter Settings for User Entity Instance: ly_2257_7_3:play|ly_2257_7_1:l3
 14. Parameter Settings for User Entity Instance: ly_2257_7_3:play|ly_2257_7_1:l4
 15. Parameter Settings for User Entity Instance: ly_2257_7_3:play|ly_2257_7_1:l5
 16. Parameter Settings for User Entity Instance: ly_2257_7_3:play|ly_2257_7_1:l6
 17. Parameter Settings for User Entity Instance: ly_2257_7_3:play|ly_2257_7_1:l7
 18. Parameter Settings for User Entity Instance: ly_2257_7_3:play|ly_2257_7_1:m1
 19. Parameter Settings for User Entity Instance: ly_2257_7_3:play|ly_2257_7_1:m2
 20. Parameter Settings for User Entity Instance: ly_2257_7_3:play|ly_2257_7_1:m3
 21. Parameter Settings for User Entity Instance: ly_2257_7_3:play|ly_2257_7_1:m4
 22. Parameter Settings for User Entity Instance: ly_2257_7_3:play|ly_2257_7_1:m5
 23. Parameter Settings for User Entity Instance: ly_2257_7_3:play|ly_2257_7_1:m6
 24. Parameter Settings for User Entity Instance: ly_2257_7_3:play|ly_2257_7_1:m7
 25. Parameter Settings for User Entity Instance: ly_2257_7_3:play|ly_2257_7_1:d4
 26. Post-Synthesis Netlist Statistics for Top Partition
 27. Elapsed Time Per Partition
 28. Analysis & Synthesis Messages



----------------
; Legal Notice ;
----------------
Copyright (C) 2018  Intel Corporation. All rights reserved.
Your use of Intel Corporation's design tools, logic functions 
and other software and tools, and its AMPP partner logic 
functions, and any output files from any of the foregoing 
(including device programming or simulation files), and any 
associated documentation or information are expressly subject 
to the terms and conditions of the Intel Program License 
Subscription Agreement, the Intel Quartus Prime License Agreement,
the Intel FPGA IP License Agreement, or other applicable license
agreement, including, without limitation, that your use is for
the sole purpose of programming logic devices manufactured by
Intel and sold by Intel or its authorized distributors.  Please
refer to the applicable agreement for further details.



+----------------------------------------------------------------------------------+
; Analysis & Synthesis Summary                                                     ;
+------------------------------------+---------------------------------------------+
; Analysis & Synthesis Status        ; Successful - Tue Dec 07 19:17:11 2021       ;
; Quartus Prime Version              ; 18.1.0 Build 625 09/12/2018 SJ Lite Edition ;
; Revision Name                      ; ly_2257_7                                   ;
; Top-level Entity Name              ; ly_2257_7                                   ;
; Family                             ; Cyclone IV E                                ;
; Total logic elements               ; 537                                         ;
;     Total combinational functions  ; 537                                         ;
;     Dedicated logic registers      ; 337                                         ;
; Total registers                    ; 337                                         ;
; Total pins                         ; 41                                          ;
; Total virtual pins                 ; 0                                           ;
; Total memory bits                  ; 0                                           ;
; Embedded Multiplier 9-bit elements ; 0                                           ;
; Total PLLs                         ; 0                                           ;
+------------------------------------+---------------------------------------------+


+------------------------------------------------------------------------------------------------------------+
; Analysis & Synthesis Settings                                                                              ;
+------------------------------------------------------------------+--------------------+--------------------+
; Option                                                           ; Setting            ; Default Value      ;
+------------------------------------------------------------------+--------------------+--------------------+
; Device                                                           ; EP4CE6E22C8        ;                    ;
; Top-level entity name                                            ; ly_2257_7          ; ly_2257_7          ;
; Family name                                                      ; Cyclone IV E       ; Cyclone V          ;
; Use smart compilation                                            ; Off                ; Off                ;
; Enable parallel Assembler and Timing Analyzer during compilation ; On                 ; On                 ;
; Enable compact report table                                      ; Off                ; Off                ;
; Restructure Multiplexers                                         ; Auto               ; Auto               ;
; Create Debugging Nodes for IP Cores                              ; Off                ; Off                ;
; Preserve fewer node names                                        ; On                 ; On                 ;
; Intel FPGA IP Evaluation Mode                                    ; Enable             ; Enable             ;
; Verilog Version                                                  ; Verilog_2001       ; Verilog_2001       ;
; VHDL Version                                                     ; VHDL_1993          ; VHDL_1993          ;
; State Machine Processing                                         ; Auto               ; Auto               ;
; Safe State Machine                                               ; Off                ; Off                ;
; Extract Verilog State Machines                                   ; On                 ; On                 ;
; Extract VHDL State Machines                                      ; On                 ; On                 ;
; Ignore Verilog initial constructs                                ; Off                ; Off                ;
; Iteration limit for constant Verilog loops                       ; 5000               ; 5000               ;
; Iteration limit for non-constant Verilog loops                   ; 250                ; 250                ;
; Add Pass-Through Logic to Inferred RAMs                          ; On                 ; On                 ;
; Infer RAMs from Raw Logic                                        ; On                 ; On                 ;
; Parallel Synthesis                                               ; On                 ; On                 ;
; DSP Block Balancing                                              ; Auto               ; Auto               ;
; NOT Gate Push-Back                                               ; On                 ; On                 ;
; Power-Up Don't Care                                              ; On                 ; On                 ;
; Remove Redundant Logic Cells                                     ; Off                ; Off                ;
; Remove Duplicate Registers                                       ; On                 ; On                 ;
; Ignore CARRY Buffers                                             ; Off                ; Off                ;
; Ignore CASCADE Buffers                                           ; Off                ; Off                ;
; Ignore GLOBAL Buffers                                            ; Off                ; Off                ;
; Ignore ROW GLOBAL Buffers                                        ; Off                ; Off                ;
; Ignore LCELL Buffers                                             ; Off                ; Off                ;
; Ignore SOFT Buffers                                              ; On                 ; On                 ;
; Limit AHDL Integers to 32 Bits                                   ; Off                ; Off                ;
; Optimization Technique                                           ; Balanced           ; Balanced           ;
; Carry Chain Length                                               ; 70                 ; 70                 ;
; Auto Carry Chains                                                ; On                 ; On                 ;
; Auto Open-Drain Pins                                             ; On                 ; On                 ;
; Perform WYSIWYG Primitive Resynthesis                            ; Off                ; Off                ;
; Auto ROM Replacement                                             ; On                 ; On                 ;
; Auto RAM Replacement                                             ; On                 ; On                 ;
; Auto DSP Block Replacement                                       ; On                 ; On                 ;
; Auto Shift Register Replacement                                  ; Auto               ; Auto               ;
; Allow Shift Register Merging across Hierarchies                  ; Auto               ; Auto               ;
; Auto Clock Enable Replacement                                    ; On                 ; On                 ;
; Strict RAM Replacement                                           ; Off                ; Off                ;
; Allow Synchronous Control Signals                                ; On                 ; On                 ;
; Force Use of Synchronous Clear Signals                           ; Off                ; Off                ;
; Auto RAM Block Balancing                                         ; On                 ; On                 ;
; Auto RAM to Logic Cell Conversion                                ; Off                ; Off                ;
; Auto Resource Sharing                                            ; Off                ; Off                ;
; Allow Any RAM Size For Recognition                               ; Off                ; Off                ;
; Allow Any ROM Size For Recognition                               ; Off                ; Off                ;
; Allow Any Shift Register Size For Recognition                    ; Off                ; Off                ;
; Use LogicLock Constraints during Resource Balancing              ; On                 ; On                 ;
; Ignore translate_off and synthesis_off directives                ; Off                ; Off                ;
; Timing-Driven Synthesis                                          ; On                 ; On                 ;
; Report Parameter Settings                                        ; On                 ; On                 ;
; Report Source Assignments                                        ; On                 ; On                 ;
; Report Connectivity Checks                                       ; On                 ; On                 ;
; Ignore Maximum Fan-Out Assignments                               ; Off                ; Off                ;
; Synchronization Register Chain Length                            ; 2                  ; 2                  ;
; Power Optimization During Synthesis                              ; Normal compilation ; Normal compilation ;
; HDL message level                                                ; Level2             ; Level2             ;
; Suppress Register Optimization Related Messages                  ; Off                ; Off                ;
; Number of Removed Registers Reported in Synthesis Report         ; 5000               ; 5000               ;
; Number of Swept Nodes Reported in Synthesis Report               ; 5000               ; 5000               ;
; Number of Inverted Registers Reported in Synthesis Report        ; 100                ; 100                ;
; Clock MUX Protection                                             ; On                 ; On                 ;
; Auto Gated Clock Conversion                                      ; Off                ; Off                ;
; Block Design Naming                                              ; Auto               ; Auto               ;
; SDC constraint protection                                        ; Off                ; Off                ;
; Synthesis Effort                                                 ; Auto               ; Auto               ;
; Shift Register Replacement - Allow Asynchronous Clear Signal     ; On                 ; On                 ;
; Pre-Mapping Resynthesis Optimization                             ; Off                ; Off                ;
; Analysis & Synthesis Message Level                               ; Medium             ; Medium             ;
; Disable Register Merging Across Hierarchies                      ; Auto               ; Auto               ;
; Resource Aware Inference For Block RAM                           ; On                 ; On                 ;
+------------------------------------------------------------------+--------------------+--------------------+


+------------------------------------------+
; Parallel Compilation                     ;
+----------------------------+-------------+
; Processors                 ; Number      ;
+----------------------------+-------------+
; Number detected on machine ; 16          ;
; Maximum allowed            ; 16          ;
;                            ;             ;
; Average used               ; 1.00        ;
; Maximum used               ; 16          ;
;                            ;             ;
; Usage by Processor         ; % Time Used ;
;     Processor 1            ; 100.0%      ;
;     Processor 2            ;   0.0%      ;
;     Processors 3-16        ;   0.0%      ;
+----------------------------+-------------+


+-----------------------------------------------------------------------------------------------------------------------------------+
; Analysis & Synthesis Source Files Read                                                                                            ;
+----------------------------------+-----------------+------------------------+-------------------------------------------+---------+
; File Name with User-Entered Path ; Used in Netlist ; File Type              ; File Name with Absolute Path              ; Library ;
+----------------------------------+-----------------+------------------------+-------------------------------------------+---------+
; ly_2257_7.v                      ; yes             ; User Verilog HDL File  ; D:/intelFPGA_lite/ly_2257_7/ly_2257_7.v   ;         ;
; ly_2257_7_1.v                    ; yes             ; User Verilog HDL File  ; D:/intelFPGA_lite/ly_2257_7/ly_2257_7_1.v ;         ;
; ly_2257_7_2.v                    ; yes             ; User Verilog HDL File  ; D:/intelFPGA_lite/ly_2257_7/ly_2257_7_2.v ;         ;
; ly_2257_7_3.v                    ; yes             ; User Verilog HDL File  ; D:/intelFPGA_lite/ly_2257_7/ly_2257_7_3.v ;         ;
+----------------------------------+-----------------+------------------------+-------------------------------------------+---------+


+---------------------------------------------------------+
; Analysis & Synthesis Resource Usage Summary             ;
+---------------------------------------------+-----------+
; Resource                                    ; Usage     ;
+---------------------------------------------+-----------+
; Estimated Total logic elements              ; 537       ;
;                                             ;           ;
; Total combinational functions               ; 537       ;
; Logic element usage by number of LUT inputs ;           ;
;     -- 4 input functions                    ; 168       ;
;     -- 3 input functions                    ; 27        ;
;     -- <=2 input functions                  ; 342       ;
;                                             ;           ;
; Logic elements by mode                      ;           ;
;     -- normal mode                          ; 245       ;
;     -- arithmetic mode                      ; 292       ;
;                                             ;           ;
; Total registers                             ; 337       ;
;     -- Dedicated logic registers            ; 337       ;
;     -- I/O registers                        ; 0         ;
;                                             ;           ;
; I/O pins                                    ; 41        ;
;                                             ;           ;
; Embedded Multiplier 9-bit elements          ; 0         ;
;                                             ;           ;
; Maximum fan-out node                        ; rst~input ;
; Maximum fan-out                             ; 337       ;
; Total fan-out                               ; 2831      ;
; Average fan-out                             ; 2.96      ;
+---------------------------------------------+-----------+


+-----------------------------------------------------------------------------------------------------------------------------------------------------------------------------------------------------------------------------------+
; Analysis & Synthesis Resource Utilization by Entity                                                                                                                                                                               ;
+----------------------------+---------------------+---------------------------+-------------+--------------+---------+-----------+------+--------------+----------------------------------------------+-------------+--------------+
; Compilation Hierarchy Node ; Combinational ALUTs ; Dedicated Logic Registers ; Memory Bits ; DSP Elements ; DSP 9x9 ; DSP 18x18 ; Pins ; Virtual Pins ; Full Hierarchy Name                          ; Entity Name ; Library Name ;
+----------------------------+---------------------+---------------------------+-------------+--------------+---------+-----------+------+--------------+----------------------------------------------+-------------+--------------+
; |ly_2257_7                 ; 537 (0)             ; 337 (0)                   ; 0           ; 0            ; 0       ; 0         ; 41   ; 0            ; |ly_2257_7                                   ; ly_2257_7   ; work         ;
;    |ly_2257_7_3:play|      ; 537 (102)           ; 337 (22)                  ; 0           ; 0            ; 0       ; 0         ; 0    ; 0            ; |ly_2257_7|ly_2257_7_3:play                  ; ly_2257_7_3 ; work         ;
;       |ly_2257_7_1:d4|     ; 28 (28)             ; 21 (21)                   ; 0           ; 0            ; 0       ; 0         ; 0    ; 0            ; |ly_2257_7|ly_2257_7_3:play|ly_2257_7_1:d4   ; ly_2257_7_1 ; work         ;
;       |ly_2257_7_1:l1|     ; 27 (27)             ; 21 (21)                   ; 0           ; 0            ; 0       ; 0         ; 0    ; 0            ; |ly_2257_7|ly_2257_7_3:play|ly_2257_7_1:l1   ; ly_2257_7_1 ; work         ;
;       |ly_2257_7_1:l2|     ; 28 (28)             ; 21 (21)                   ; 0           ; 0            ; 0       ; 0         ; 0    ; 0            ; |ly_2257_7|ly_2257_7_3:play|ly_2257_7_1:l2   ; ly_2257_7_1 ; work         ;
;       |ly_2257_7_1:l3|     ; 28 (28)             ; 21 (21)                   ; 0           ; 0            ; 0       ; 0         ; 0    ; 0            ; |ly_2257_7|ly_2257_7_3:play|ly_2257_7_1:l3   ; ly_2257_7_1 ; work         ;
;       |ly_2257_7_1:l4|     ; 28 (28)             ; 21 (21)                   ; 0           ; 0            ; 0       ; 0         ; 0    ; 0            ; |ly_2257_7|ly_2257_7_3:play|ly_2257_7_1:l4   ; ly_2257_7_1 ; work         ;
;       |ly_2257_7_1:l5|     ; 28 (28)             ; 21 (21)                   ; 0           ; 0            ; 0       ; 0         ; 0    ; 0            ; |ly_2257_7|ly_2257_7_3:play|ly_2257_7_1:l5   ; ly_2257_7_1 ; work         ;
;       |ly_2257_7_1:l6|     ; 26 (26)             ; 21 (21)                   ; 0           ; 0            ; 0       ; 0         ; 0    ; 0            ; |ly_2257_7|ly_2257_7_3:play|ly_2257_7_1:l6   ; ly_2257_7_1 ; work         ;
;       |ly_2257_7_1:l7|     ; 28 (28)             ; 21 (21)                   ; 0           ; 0            ; 0       ; 0         ; 0    ; 0            ; |ly_2257_7|ly_2257_7_3:play|ly_2257_7_1:l7   ; ly_2257_7_1 ; work         ;
;       |ly_2257_7_1:m1|     ; 28 (28)             ; 21 (21)                   ; 0           ; 0            ; 0       ; 0         ; 0    ; 0            ; |ly_2257_7|ly_2257_7_3:play|ly_2257_7_1:m1   ; ly_2257_7_1 ; work         ;
;       |ly_2257_7_1:m2|     ; 27 (27)             ; 21 (21)                   ; 0           ; 0            ; 0       ; 0         ; 0    ; 0            ; |ly_2257_7|ly_2257_7_3:play|ly_2257_7_1:m2   ; ly_2257_7_1 ; work         ;
;       |ly_2257_7_1:m3|     ; 27 (27)             ; 21 (21)                   ; 0           ; 0            ; 0       ; 0         ; 0    ; 0            ; |ly_2257_7|ly_2257_7_3:play|ly_2257_7_1:m3   ; ly_2257_7_1 ; work         ;
;       |ly_2257_7_1:m4|     ; 28 (28)             ; 21 (21)                   ; 0           ; 0            ; 0       ; 0         ; 0    ; 0            ; |ly_2257_7|ly_2257_7_3:play|ly_2257_7_1:m4   ; ly_2257_7_1 ; work         ;
;       |ly_2257_7_1:m5|     ; 28 (28)             ; 21 (21)                   ; 0           ; 0            ; 0       ; 0         ; 0    ; 0            ; |ly_2257_7|ly_2257_7_3:play|ly_2257_7_1:m5   ; ly_2257_7_1 ; work         ;
;       |ly_2257_7_1:m6|     ; 26 (26)             ; 21 (21)                   ; 0           ; 0            ; 0       ; 0         ; 0    ; 0            ; |ly_2257_7|ly_2257_7_3:play|ly_2257_7_1:m6   ; ly_2257_7_1 ; work         ;
;       |ly_2257_7_1:m7|     ; 27 (27)             ; 21 (21)                   ; 0           ; 0            ; 0       ; 0         ; 0    ; 0            ; |ly_2257_7|ly_2257_7_3:play|ly_2257_7_1:m7   ; ly_2257_7_1 ; work         ;
;       |ly_2257_7_2:show|   ; 23 (23)             ; 0 (0)                     ; 0           ; 0            ; 0       ; 0         ; 0    ; 0            ; |ly_2257_7|ly_2257_7_3:play|ly_2257_7_2:show ; ly_2257_7_2 ; work         ;
+----------------------------+---------------------+---------------------------+-------------+--------------+---------+-----------+------+--------------+----------------------------------------------+-------------+--------------+
Note: For table entries with two numbers listed, the numbers in parentheses indicate the number of resources of the given type used by the specific entity alone. The numbers listed outside of parentheses indicate the total resources of the given type used by the specific entity and all of its sub-entities in the hierarchy.


+---------------------------------------------------------------------------------------------------------+
; User-Specified and Inferred Latches                                                                     ;
+----------------------------------------------------+---------------------------+------------------------+
; Latch Name                                         ; Latch Enable Signal       ; Free of Timing Hazards ;
+----------------------------------------------------+---------------------------+------------------------+
; ly_2257_7_3:play|clk_out                           ; ly_2257_7_3:play|WideNor0 ; yes                    ;
; Number of user-specified and inferred latches = 1  ;                           ;                        ;
+----------------------------------------------------+---------------------------+------------------------+
Note: All latches listed above may not be present at the end of synthesis due to various synthesis optimizations.


+------------------------------------------------------+
; General Register Statistics                          ;
+----------------------------------------------+-------+
; Statistic                                    ; Value ;
+----------------------------------------------+-------+
; Total registers                              ; 337   ;
; Number of registers using Synchronous Clear  ; 300   ;
; Number of registers using Synchronous Load   ; 6     ;
; Number of registers using Asynchronous Clear ; 337   ;
; Number of registers using Asynchronous Load  ; 0     ;
; Number of registers using Clock Enable       ; 22    ;
; Number of registers using Preset             ; 0     ;
+----------------------------------------------+-------+


+-----------------------------------------------------------------------------------------------------------------------------------------------------------------------+
; Multiplexer Restructuring Statistics (Restructuring Performed)                                                                                                        ;
+--------------------+-----------+---------------+----------------------+------------------------+------------+---------------------------------------------------------+
; Multiplexer Inputs ; Bus Width ; Baseline Area ; Area if Restructured ; Saving if Restructured ; Registered ; Example Multiplexer Output                              ;
+--------------------+-----------+---------------+----------------------+------------------------+------------+---------------------------------------------------------+
; 3:1                ; 8 bits    ; 16 LEs        ; 8 LEs                ; 8 LEs                  ; Yes        ; |ly_2257_7|ly_2257_7_3:play|tone[0]                     ;
; 257:1              ; 6 bits    ; 1026 LEs      ; 156 LEs              ; 870 LEs                ; Yes        ; |ly_2257_7|ly_2257_7_3:play|tone[12]                    ;
; 12:1               ; 2 bits    ; 16 LEs        ; 16 LEs               ; 0 LEs                  ; No         ; |ly_2257_7|ly_2257_7_3:play|ly_2257_7_2:show|codeout[3] ;
; 13:1               ; 4 bits    ; 32 LEs        ; 32 LEs               ; 0 LEs                  ; No         ; |ly_2257_7|ly_2257_7_3:play|ly_2257_7_2:show|codeout[0] ;
+--------------------+-----------+---------------+----------------------+------------------------+------------+---------------------------------------------------------+


+------------------------------------------------------------------------------+
; Parameter Settings for User Entity Instance: ly_2257_7_3:play|ly_2257_7_1:l1 ;
+----------------+-------+-----------------------------------------------------+
; Parameter Name ; Value ; Type                                                ;
+----------------+-------+-----------------------------------------------------+
; NUM_DIV        ; 11646 ; Signed Integer                                      ;
+----------------+-------+-----------------------------------------------------+
Note: In order to hide this table in the UI and the text report file, please set the "Show Parameter Settings in Synthesis Report" option in "Analysis and Synthesis Settings -> More Settings" to "Off".


+------------------------------------------------------------------------------+
; Parameter Settings for User Entity Instance: ly_2257_7_3:play|ly_2257_7_1:l2 ;
+----------------+-------+-----------------------------------------------------+
; Parameter Name ; Value ; Type                                                ;
+----------------+-------+-----------------------------------------------------+
; NUM_DIV        ; 10215 ; Signed Integer                                      ;
+----------------+-------+-----------------------------------------------------+
Note: In order to hide this table in the UI and the text report file, please set the "Show Parameter Settings in Synthesis Report" option in "Analysis and Synthesis Settings -> More Settings" to "Off".


+------------------------------------------------------------------------------+
; Parameter Settings for User Entity Instance: ly_2257_7_3:play|ly_2257_7_1:l3 ;
+----------------+-------+-----------------------------------------------------+
; Parameter Name ; Value ; Type                                                ;
+----------------+-------+-----------------------------------------------------+
; NUM_DIV        ; 9099  ; Signed Integer                                      ;
+----------------+-------+-----------------------------------------------------+
Note: In order to hide this table in the UI and the text report file, please set the "Show Parameter Settings in Synthesis Report" option in "Analysis and Synthesis Settings -> More Settings" to "Off".


+------------------------------------------------------------------------------+
; Parameter Settings for User Entity Instance: ly_2257_7_3:play|ly_2257_7_1:l4 ;
+----------------+-------+-----------------------------------------------------+
; Parameter Name ; Value ; Type                                                ;
+----------------+-------+-----------------------------------------------------+
; NUM_DIV        ; 8589  ; Signed Integer                                      ;
+----------------+-------+-----------------------------------------------------+
Note: In order to hide this table in the UI and the text report file, please set the "Show Parameter Settings in Synthesis Report" option in "Analysis and Synthesis Settings -> More Settings" to "Off".


+------------------------------------------------------------------------------+
; Parameter Settings for User Entity Instance: ly_2257_7_3:play|ly_2257_7_1:l5 ;
+----------------+-------+-----------------------------------------------------+
; Parameter Name ; Value ; Type                                                ;
+----------------+-------+-----------------------------------------------------+
; NUM_DIV        ; 7653  ; Signed Integer                                      ;
+----------------+-------+-----------------------------------------------------+
Note: In order to hide this table in the UI and the text report file, please set the "Show Parameter Settings in Synthesis Report" option in "Analysis and Synthesis Settings -> More Settings" to "Off".


+------------------------------------------------------------------------------+
; Parameter Settings for User Entity Instance: ly_2257_7_3:play|ly_2257_7_1:l6 ;
+----------------+-------+-----------------------------------------------------+
; Parameter Name ; Value ; Type                                                ;
+----------------+-------+-----------------------------------------------------+
; NUM_DIV        ; 6816  ; Signed Integer                                      ;
+----------------+-------+-----------------------------------------------------+
Note: In order to hide this table in the UI and the text report file, please set the "Show Parameter Settings in Synthesis Report" option in "Analysis and Synthesis Settings -> More Settings" to "Off".


+------------------------------------------------------------------------------+
; Parameter Settings for User Entity Instance: ly_2257_7_3:play|ly_2257_7_1:l7 ;
+----------------+-------+-----------------------------------------------------+
; Parameter Name ; Value ; Type                                                ;
+----------------+-------+-----------------------------------------------------+
; NUM_DIV        ; 6075  ; Signed Integer                                      ;
+----------------+-------+-----------------------------------------------------+
Note: In order to hide this table in the UI and the text report file, please set the "Show Parameter Settings in Synthesis Report" option in "Analysis and Synthesis Settings -> More Settings" to "Off".


+------------------------------------------------------------------------------+
; Parameter Settings for User Entity Instance: ly_2257_7_3:play|ly_2257_7_1:m1 ;
+----------------+-------+-----------------------------------------------------+
; Parameter Name ; Value ; Type                                                ;
+----------------+-------+-----------------------------------------------------+
; NUM_DIV        ; 5973  ; Signed Integer                                      ;
+----------------+-------+-----------------------------------------------------+
Note: In order to hide this table in the UI and the text report file, please set the "Show Parameter Settings in Synthesis Report" option in "Analysis and Synthesis Settings -> More Settings" to "Off".


+------------------------------------------------------------------------------+
; Parameter Settings for User Entity Instance: ly_2257_7_3:play|ly_2257_7_1:m2 ;
+----------------+-------+-----------------------------------------------------+
; Parameter Name ; Value ; Type                                                ;
+----------------+-------+-----------------------------------------------------+
; NUM_DIV        ; 5106  ; Signed Integer                                      ;
+----------------+-------+-----------------------------------------------------+
Note: In order to hide this table in the UI and the text report file, please set the "Show Parameter Settings in Synthesis Report" option in "Analysis and Synthesis Settings -> More Settings" to "Off".


+------------------------------------------------------------------------------+
; Parameter Settings for User Entity Instance: ly_2257_7_3:play|ly_2257_7_1:m3 ;
+----------------+-------+-----------------------------------------------------+
; Parameter Name ; Value ; Type                                                ;
+----------------+-------+-----------------------------------------------------+
; NUM_DIV        ; 4548  ; Signed Integer                                      ;
+----------------+-------+-----------------------------------------------------+
Note: In order to hide this table in the UI and the text report file, please set the "Show Parameter Settings in Synthesis Report" option in "Analysis and Synthesis Settings -> More Settings" to "Off".


+------------------------------------------------------------------------------+
; Parameter Settings for User Entity Instance: ly_2257_7_3:play|ly_2257_7_1:m4 ;
+----------------+-------+-----------------------------------------------------+
; Parameter Name ; Value ; Type                                                ;
+----------------+-------+-----------------------------------------------------+
; NUM_DIV        ; 4293  ; Signed Integer                                      ;
+----------------+-------+-----------------------------------------------------+
Note: In order to hide this table in the UI and the text report file, please set the "Show Parameter Settings in Synthesis Report" option in "Analysis and Synthesis Settings -> More Settings" to "Off".


+------------------------------------------------------------------------------+
; Parameter Settings for User Entity Instance: ly_2257_7_3:play|ly_2257_7_1:m5 ;
+----------------+-------+-----------------------------------------------------+
; Parameter Name ; Value ; Type                                                ;
+----------------+-------+-----------------------------------------------------+
; NUM_DIV        ; 3825  ; Signed Integer                                      ;
+----------------+-------+-----------------------------------------------------+
Note: In order to hide this table in the UI and the text report file, please set the "Show Parameter Settings in Synthesis Report" option in "Analysis and Synthesis Settings -> More Settings" to "Off".


+------------------------------------------------------------------------------+
; Parameter Settings for User Entity Instance: ly_2257_7_3:play|ly_2257_7_1:m6 ;
+----------------+-------+-----------------------------------------------------+
; Parameter Name ; Value ; Type                                                ;
+----------------+-------+-----------------------------------------------------+
; NUM_DIV        ; 3408  ; Signed Integer                                      ;
+----------------+-------+-----------------------------------------------------+
Note: In order to hide this table in the UI and the text report file, please set the "Show Parameter Settings in Synthesis Report" option in "Analysis and Synthesis Settings -> More Settings" to "Off".


+------------------------------------------------------------------------------+
; Parameter Settings for User Entity Instance: ly_2257_7_3:play|ly_2257_7_1:m7 ;
+----------------+-------+-----------------------------------------------------+
; Parameter Name ; Value ; Type                                                ;
+----------------+-------+-----------------------------------------------------+
; NUM_DIV        ; 3036  ; Signed Integer                                      ;
+----------------+-------+-----------------------------------------------------+
Note: In order to hide this table in the UI and the text report file, please set the "Show Parameter Settings in Synthesis Report" option in "Analysis and Synthesis Settings -> More Settings" to "Off".


+------------------------------------------------------------------------------+
; Parameter Settings for User Entity Instance: ly_2257_7_3:play|ly_2257_7_1:d4 ;
+----------------+--------+----------------------------------------------------+
; Parameter Name ; Value  ; Type                                               ;
+----------------+--------+----------------------------------------------------+
; NUM_DIV        ; 750000 ; Signed Integer                                     ;
+----------------+--------+----------------------------------------------------+
Note: In order to hide this table in the UI and the text report file, please set the "Show Parameter Settings in Synthesis Report" option in "Analysis and Synthesis Settings -> More Settings" to "Off".


+-----------------------------------------------------+
; Post-Synthesis Netlist Statistics for Top Partition ;
+-----------------------+-----------------------------+
; Type                  ; Count                       ;
+-----------------------+-----------------------------+
; boundary_port         ; 41                          ;
; cycloneiii_ff         ; 337                         ;
;     CLR               ; 15                          ;
;     CLR SCLR          ; 300                         ;
;     ENA CLR           ; 16                          ;
;     ENA CLR SLD       ; 6                           ;
; cycloneiii_lcell_comb ; 537                         ;
;     arith             ; 292                         ;
;         2 data inputs ; 292                         ;
;     normal            ; 245                         ;
;         1 data inputs ; 16                          ;
;         2 data inputs ; 34                          ;
;         3 data inputs ; 27                          ;
;         4 data inputs ; 168                         ;
;                       ;                             ;
; Max LUT depth         ; 7.00                        ;
; Average LUT depth     ; 3.06                        ;
+-----------------------+-----------------------------+


+-------------------------------+
; Elapsed Time Per Partition    ;
+----------------+--------------+
; Partition Name ; Elapsed Time ;
+----------------+--------------+
; Top            ; 00:00:03     ;
+----------------+--------------+


+-------------------------------+
; Analysis & Synthesis Messages ;
+-------------------------------+
Info: *******************************************************************
Info: Running Quartus Prime Analysis & Synthesis
    Info: Version 18.1.0 Build 625 09/12/2018 SJ Lite Edition
    Info: Processing started: Tue Dec 07 19:16:38 2021
Info: Command: quartus_map --read_settings_files=on --write_settings_files=off ly_2257_7 -c ly_2257_7
Warning (18236): Number of processors has not been specified which may cause overloading on shared machines.  Set the global assignment NUM_PARALLEL_PROCESSORS in your QSF to an appropriate value for best performance.
Info (20030): Parallel compilation is enabled and will use 16 of the 16 processors detected
Info (12021): Found 1 design units, including 1 entities, in source file ly_2257_7.v
    Info (12023): Found entity 1: ly_2257_7 File: D:/intelFPGA_lite/ly_2257_7/ly_2257_7.v Line: 1
Info (12021): Found 1 design units, including 1 entities, in source file ly_2257_7_1.v
    Info (12023): Found entity 1: ly_2257_7_1 File: D:/intelFPGA_lite/ly_2257_7/ly_2257_7_1.v Line: 1
Info (12021): Found 1 design units, including 1 entities, in source file ly_2257_7_2.v
    Info (12023): Found entity 1: ly_2257_7_2 File: D:/intelFPGA_lite/ly_2257_7/ly_2257_7_2.v Line: 1
Info (12021): Found 1 design units, including 1 entities, in source file ly_2257_7_3.v
    Info (12023): Found entity 1: ly_2257_7_3 File: D:/intelFPGA_lite/ly_2257_7/ly_2257_7_3.v Line: 1
Info (12021): Found 1 design units, including 1 entities, in source file test_ly_2257_7.v
    Info (12023): Found entity 1: test_ly_2257_7 File: D:/intelFPGA_lite/ly_2257_7/test_ly_2257_7.v Line: 3
Warning (10236): Verilog HDL Implicit Net warning at ly_2257_7_3.v(46): created implicit net for "clk_4HZ" File: D:/intelFPGA_lite/ly_2257_7/ly_2257_7_3.v Line: 46
Info (12127): Elaborating entity "ly_2257_7" for the top level hierarchy
Info (12128): Elaborating entity "ly_2257_7_3" for hierarchy "ly_2257_7_3:play" File: D:/intelFPGA_lite/ly_2257_7/ly_2257_7.v Line: 23
Warning (10235): Verilog HDL Always Construct warning at ly_2257_7_3.v(164): variable "low" is read inside the Always Construct but isn't in the Always Construct's Event Control File: D:/intelFPGA_lite/ly_2257_7/ly_2257_7_3.v Line: 164
Warning (10235): Verilog HDL Always Construct warning at ly_2257_7_3.v(165): variable "low" is read inside the Always Construct but isn't in the Always Construct's Event Control File: D:/intelFPGA_lite/ly_2257_7/ly_2257_7_3.v Line: 165
Warning (10235): Verilog HDL Always Construct warning at ly_2257_7_3.v(166): variable "low" is read inside the Always Construct but isn't in the Always Construct's Event Control File: D:/intelFPGA_lite/ly_2257_7/ly_2257_7_3.v Line: 166
Warning (10235): Verilog HDL Always Construct warning at ly_2257_7_3.v(167): variable "low" is read inside the Always Construct but isn't in the Always Construct's Event Control File: D:/intelFPGA_lite/ly_2257_7/ly_2257_7_3.v Line: 167
Warning (10235): Verilog HDL Always Construct warning at ly_2257_7_3.v(168): variable "low" is read inside the Always Construct but isn't in the Always Construct's Event Control File: D:/intelFPGA_lite/ly_2257_7/ly_2257_7_3.v Line: 168
Warning (10235): Verilog HDL Always Construct warning at ly_2257_7_3.v(169): variable "low" is read inside the Always Construct but isn't in the Always Construct's Event Control File: D:/intelFPGA_lite/ly_2257_7/ly_2257_7_3.v Line: 169
Warning (10235): Verilog HDL Always Construct warning at ly_2257_7_3.v(170): variable "low" is read inside the Always Construct but isn't in the Always Construct's Event Control File: D:/intelFPGA_lite/ly_2257_7/ly_2257_7_3.v Line: 170
Warning (10235): Verilog HDL Always Construct warning at ly_2257_7_3.v(172): variable "middle" is read inside the Always Construct but isn't in the Always Construct's Event Control File: D:/intelFPGA_lite/ly_2257_7/ly_2257_7_3.v Line: 172
Warning (10235): Verilog HDL Always Construct warning at ly_2257_7_3.v(173): variable "middle" is read inside the Always Construct but isn't in the Always Construct's Event Control File: D:/intelFPGA_lite/ly_2257_7/ly_2257_7_3.v Line: 173
Warning (10235): Verilog HDL Always Construct warning at ly_2257_7_3.v(174): variable "middle" is read inside the Always Construct but isn't in the Always Construct's Event Control File: D:/intelFPGA_lite/ly_2257_7/ly_2257_7_3.v Line: 174
Warning (10235): Verilog HDL Always Construct warning at ly_2257_7_3.v(175): variable "middle" is read inside the Always Construct but isn't in the Always Construct's Event Control File: D:/intelFPGA_lite/ly_2257_7/ly_2257_7_3.v Line: 175
Warning (10235): Verilog HDL Always Construct warning at ly_2257_7_3.v(176): variable "middle" is read inside the Always Construct but isn't in the Always Construct's Event Control File: D:/intelFPGA_lite/ly_2257_7/ly_2257_7_3.v Line: 176
Warning (10235): Verilog HDL Always Construct warning at ly_2257_7_3.v(177): variable "middle" is read inside the Always Construct but isn't in the Always Construct's Event Control File: D:/intelFPGA_lite/ly_2257_7/ly_2257_7_3.v Line: 177
Warning (10235): Verilog HDL Always Construct warning at ly_2257_7_3.v(178): variable "middle" is read inside the Always Construct but isn't in the Always Construct's Event Control File: D:/intelFPGA_lite/ly_2257_7/ly_2257_7_3.v Line: 178
Warning (10270): Verilog HDL Case Statement warning at ly_2257_7_3.v(162): incomplete case statement has no default case item File: D:/intelFPGA_lite/ly_2257_7/ly_2257_7_3.v Line: 162
Warning (10240): Verilog HDL Always Construct warning at ly_2257_7_3.v(160): inferring latch(es) for variable "clk_out", which holds its previous value in one or more paths through the always construct File: D:/intelFPGA_lite/ly_2257_7/ly_2257_7_3.v Line: 160
Info (10041): Inferred latch for "clk_out" at ly_2257_7_3.v(160) File: D:/intelFPGA_lite/ly_2257_7/ly_2257_7_3.v Line: 160
Info (12128): Elaborating entity "ly_2257_7_1" for hierarchy "ly_2257_7_3:play|ly_2257_7_1:l1" File: D:/intelFPGA_lite/ly_2257_7/ly_2257_7_3.v Line: 17
Warning (10230): Verilog HDL assignment warning at ly_2257_7_1.v(26): truncated value with size 32 to match size of target (20) File: D:/intelFPGA_lite/ly_2257_7/ly_2257_7_1.v Line: 26
Info (12128): Elaborating entity "ly_2257_7_1" for hierarchy "ly_2257_7_3:play|ly_2257_7_1:l2" File: D:/intelFPGA_lite/ly_2257_7/ly_2257_7_3.v Line: 19
Warning (10230): Verilog HDL assignment warning at ly_2257_7_1.v(26): truncated value with size 32 to match size of target (20) File: D:/intelFPGA_lite/ly_2257_7/ly_2257_7_1.v Line: 26
Info (12128): Elaborating entity "ly_2257_7_1" for hierarchy "ly_2257_7_3:play|ly_2257_7_1:l3" File: D:/intelFPGA_lite/ly_2257_7/ly_2257_7_3.v Line: 21
Warning (10230): Verilog HDL assignment warning at ly_2257_7_1.v(26): truncated value with size 32 to match size of target (20) File: D:/intelFPGA_lite/ly_2257_7/ly_2257_7_1.v Line: 26
Info (12128): Elaborating entity "ly_2257_7_1" for hierarchy "ly_2257_7_3:play|ly_2257_7_1:l4" File: D:/intelFPGA_lite/ly_2257_7/ly_2257_7_3.v Line: 23
Warning (10230): Verilog HDL assignment warning at ly_2257_7_1.v(26): truncated value with size 32 to match size of target (20) File: D:/intelFPGA_lite/ly_2257_7/ly_2257_7_1.v Line: 26
Info (12128): Elaborating entity "ly_2257_7_1" for hierarchy "ly_2257_7_3:play|ly_2257_7_1:l5" File: D:/intelFPGA_lite/ly_2257_7/ly_2257_7_3.v Line: 25
Warning (10230): Verilog HDL assignment warning at ly_2257_7_1.v(26): truncated value with size 32 to match size of target (20) File: D:/intelFPGA_lite/ly_2257_7/ly_2257_7_1.v Line: 26
Info (12128): Elaborating entity "ly_2257_7_1" for hierarchy "ly_2257_7_3:play|ly_2257_7_1:l6" File: D:/intelFPGA_lite/ly_2257_7/ly_2257_7_3.v Line: 27
Warning (10230): Verilog HDL assignment warning at ly_2257_7_1.v(26): truncated value with size 32 to match size of target (20) File: D:/intelFPGA_lite/ly_2257_7/ly_2257_7_1.v Line: 26
Info (12128): Elaborating entity "ly_2257_7_1" for hierarchy "ly_2257_7_3:play|ly_2257_7_1:l7" File: D:/intelFPGA_lite/ly_2257_7/ly_2257_7_3.v Line: 29
Warning (10230): Verilog HDL assignment warning at ly_2257_7_1.v(26): truncated value with size 32 to match size of target (20) File: D:/intelFPGA_lite/ly_2257_7/ly_2257_7_1.v Line: 26
Info (12128): Elaborating entity "ly_2257_7_1" for hierarchy "ly_2257_7_3:play|ly_2257_7_1:m1" File: D:/intelFPGA_lite/ly_2257_7/ly_2257_7_3.v Line: 32
Warning (10230): Verilog HDL assignment warning at ly_2257_7_1.v(26): truncated value with size 32 to match size of target (20) File: D:/intelFPGA_lite/ly_2257_7/ly_2257_7_1.v Line: 26
Info (12128): Elaborating entity "ly_2257_7_1" for hierarchy "ly_2257_7_3:play|ly_2257_7_1:m2" File: D:/intelFPGA_lite/ly_2257_7/ly_2257_7_3.v Line: 34
Warning (10230): Verilog HDL assignment warning at ly_2257_7_1.v(26): truncated value with size 32 to match size of target (20) File: D:/intelFPGA_lite/ly_2257_7/ly_2257_7_1.v Line: 26
Info (12128): Elaborating entity "ly_2257_7_1" for hierarchy "ly_2257_7_3:play|ly_2257_7_1:m3" File: D:/intelFPGA_lite/ly_2257_7/ly_2257_7_3.v Line: 36
Warning (10230): Verilog HDL assignment warning at ly_2257_7_1.v(26): truncated value with size 32 to match size of target (20) File: D:/intelFPGA_lite/ly_2257_7/ly_2257_7_1.v Line: 26
Info (12128): Elaborating entity "ly_2257_7_1" for hierarchy "ly_2257_7_3:play|ly_2257_7_1:m4" File: D:/intelFPGA_lite/ly_2257_7/ly_2257_7_3.v Line: 38
Warning (10230): Verilog HDL assignment warning at ly_2257_7_1.v(26): truncated value with size 32 to match size of target (20) File: D:/intelFPGA_lite/ly_2257_7/ly_2257_7_1.v Line: 26
Info (12128): Elaborating entity "ly_2257_7_1" for hierarchy "ly_2257_7_3:play|ly_2257_7_1:m5" File: D:/intelFPGA_lite/ly_2257_7/ly_2257_7_3.v Line: 40
Warning (10230): Verilog HDL assignment warning at ly_2257_7_1.v(26): truncated value with size 32 to match size of target (20) File: D:/intelFPGA_lite/ly_2257_7/ly_2257_7_1.v Line: 26
Info (12128): Elaborating entity "ly_2257_7_1" for hierarchy "ly_2257_7_3:play|ly_2257_7_1:m6" File: D:/intelFPGA_lite/ly_2257_7/ly_2257_7_3.v Line: 42
Warning (10230): Verilog HDL assignment warning at ly_2257_7_1.v(26): truncated value with size 32 to match size of target (20) File: D:/intelFPGA_lite/ly_2257_7/ly_2257_7_1.v Line: 26
Info (12128): Elaborating entity "ly_2257_7_1" for hierarchy "ly_2257_7_3:play|ly_2257_7_1:m7" File: D:/intelFPGA_lite/ly_2257_7/ly_2257_7_3.v Line: 44
Warning (10230): Verilog HDL assignment warning at ly_2257_7_1.v(26): truncated value with size 32 to match size of target (20) File: D:/intelFPGA_lite/ly_2257_7/ly_2257_7_1.v Line: 26
Info (12128): Elaborating entity "ly_2257_7_1" for hierarchy "ly_2257_7_3:play|ly_2257_7_1:d4" File: D:/intelFPGA_lite/ly_2257_7/ly_2257_7_3.v Line: 46
Warning (10230): Verilog HDL assignment warning at ly_2257_7_1.v(26): truncated value with size 32 to match size of target (20) File: D:/intelFPGA_lite/ly_2257_7/ly_2257_7_1.v Line: 26
Info (12128): Elaborating entity "ly_2257_7_2" for hierarchy "ly_2257_7_3:play|ly_2257_7_2:show" File: D:/intelFPGA_lite/ly_2257_7/ly_2257_7_3.v Line: 188
Warning (13012): Latch ly_2257_7_3:play|clk_out has unsafe behavior File: D:/intelFPGA_lite/ly_2257_7/ly_2257_7_3.v Line: 8
    Warning (13013): Ports D and ENA on the latch are fed by the same signal ly_2257_7_3:play|tone[13] File: D:/intelFPGA_lite/ly_2257_7/ly_2257_7_3.v Line: 73
Info (286030): Timing-Driven Synthesis is running
Info (16010): Generating hard_block partition "hard_block:auto_generated_inst"
    Info (16011): Adding 0 node(s), including 0 DDIO, 0 PLL, 0 transceiver and 0 LCELL
Info (21057): Implemented 578 device resources after synthesis - the final resource count might be different
    Info (21058): Implemented 17 input pins
    Info (21059): Implemented 24 output pins
    Info (21061): Implemented 537 logic cells
Info: Quartus Prime Analysis & Synthesis was successful. 0 errors, 35 warnings
    Info: Peak virtual memory: 4852 megabytes
    Info: Processing ended: Tue Dec 07 19:17:11 2021
    Info: Elapsed time: 00:00:33
    Info: Total CPU time (on all processors): 00:01:11


