Analysis & Synthesis report for ly_2257_3
Mon Oct 25 20:56:08 2021
Quartus Prime Version 18.1.0 Build 625 09/12/2018 SJ Lite Edition


---------------------
; Table of Contents ;
---------------------
  1. Legal Notice
  2. Analysis & Synthesis Summary
  3. Analysis & Synthesis Settings
  4. Parallel Compilation
  5. Analysis & Synthesis Source Files Read
  6. Analysis & Synthesis Resource Usage Summary
  7. Analysis & Synthesis Resource Utilization by Entity
  8. User-Specified and Inferred Latches
  9. General Register Statistics
 10. Multiplexer Restructuring Statistics (Restructuring Performed)
 11. Post-Synthesis Netlist Statistics for Top Partition
 12. Elapsed Time Per Partition
 13. Analysis & Synthesis Messages



----------------
; Legal Notice ;
----------------
Copyright (C) 2018  Intel Corporation. All rights reserved.
Your use of Intel Corporation's design tools, logic functions 
and other software and tools, and its AMPP partner logic 
functions, and any output files from any of the foregoing 
(including device programming or simulation files), and any 
associated documentation or information are expressly subject 
to the terms and conditions of the Intel Program License 
Subscription Agreement, the Intel Quartus Prime License Agreement,
the Intel FPGA IP License Agreement, or other applicable license
agreement, including, without limitation, that your use is for
the sole purpose of programming logic devices manufactured by
Intel and sold by Intel or its authorized distributors.  Please
refer to the applicable agreement for further details.



+----------------------------------------------------------------------------------+
; Analysis & Synthesis Summary                                                     ;
+------------------------------------+---------------------------------------------+
; Analysis & Synthesis Status        ; Successful - Mon Oct 25 20:56:08 2021       ;
; Quartus Prime Version              ; 18.1.0 Build 625 09/12/2018 SJ Lite Edition ;
; Revision Name                      ; ly_2257_3                                   ;
; Top-level Entity Name              ; ly_2257_3                                   ;
; Family                             ; Cyclone IV E                                ;
; Total logic elements               ; 26                                          ;
;     Total combinational functions  ; 26                                          ;
;     Dedicated logic registers      ; 4                                           ;
; Total registers                    ; 4                                           ;
; Total pins                         ; 22                                          ;
; Total virtual pins                 ; 0                                           ;
; Total memory bits                  ; 0                                           ;
; Embedded Multiplier 9-bit elements ; 0                                           ;
; Total PLLs                         ; 0                                           ;
+------------------------------------+---------------------------------------------+


+------------------------------------------------------------------------------------------------------------+
; Analysis & Synthesis Settings                                                                              ;
+------------------------------------------------------------------+--------------------+--------------------+
; Option                                                           ; Setting            ; Default Value      ;
+------------------------------------------------------------------+--------------------+--------------------+
; Device                                                           ; EP4CE6E22C8        ;                    ;
; Top-level entity name                                            ; ly_2257_3          ; ly_2257_3          ;
; Family name                                                      ; Cyclone IV E       ; Cyclone V          ;
; Use smart compilation                                            ; Off                ; Off                ;
; Enable parallel Assembler and Timing Analyzer during compilation ; On                 ; On                 ;
; Enable compact report table                                      ; Off                ; Off                ;
; Restructure Multiplexers                                         ; Auto               ; Auto               ;
; Create Debugging Nodes for IP Cores                              ; Off                ; Off                ;
; Preserve fewer node names                                        ; On                 ; On                 ;
; Intel FPGA IP Evaluation Mode                                    ; Enable             ; Enable             ;
; Verilog Version                                                  ; Verilog_2001       ; Verilog_2001       ;
; VHDL Version                                                     ; VHDL_1993          ; VHDL_1993          ;
; State Machine Processing                                         ; Auto               ; Auto               ;
; Safe State Machine                                               ; Off                ; Off                ;
; Extract Verilog State Machines                                   ; On                 ; On                 ;
; Extract VHDL State Machines                                      ; On                 ; On                 ;
; Ignore Verilog initial constructs                                ; Off                ; Off                ;
; Iteration limit for constant Verilog loops                       ; 5000               ; 5000               ;
; Iteration limit for non-constant Verilog loops                   ; 250                ; 250                ;
; Add Pass-Through Logic to Inferred RAMs                          ; On                 ; On                 ;
; Infer RAMs from Raw Logic                                        ; On                 ; On                 ;
; Parallel Synthesis                                               ; On                 ; On                 ;
; DSP Block Balancing                                              ; Auto               ; Auto               ;
; NOT Gate Push-Back                                               ; On                 ; On                 ;
; Power-Up Don't Care                                              ; On                 ; On                 ;
; Remove Redundant Logic Cells                                     ; Off                ; Off                ;
; Remove Duplicate Registers                                       ; On                 ; On                 ;
; Ignore CARRY Buffers                                             ; Off                ; Off                ;
; Ignore CASCADE Buffers                                           ; Off                ; Off                ;
; Ignore GLOBAL Buffers                                            ; Off                ; Off                ;
; Ignore ROW GLOBAL Buffers                                        ; Off                ; Off                ;
; Ignore LCELL Buffers                                             ; Off                ; Off                ;
; Ignore SOFT Buffers                                              ; On                 ; On                 ;
; Limit AHDL Integers to 32 Bits                                   ; Off                ; Off                ;
; Optimization Technique                                           ; Balanced           ; Balanced           ;
; Carry Chain Length                                               ; 70                 ; 70                 ;
; Auto Carry Chains                                                ; On                 ; On                 ;
; Auto Open-Drain Pins                                             ; On                 ; On                 ;
; Perform WYSIWYG Primitive Resynthesis                            ; Off                ; Off                ;
; Auto ROM Replacement                                             ; On                 ; On                 ;
; Auto RAM Replacement                                             ; On                 ; On                 ;
; Auto DSP Block Replacement                                       ; On                 ; On                 ;
; Auto Shift Register Replacement                                  ; Auto               ; Auto               ;
; Allow Shift Register Merging across Hierarchies                  ; Auto               ; Auto               ;
; Auto Clock Enable Replacement                                    ; On                 ; On                 ;
; Strict RAM Replacement                                           ; Off                ; Off                ;
; Allow Synchronous Control Signals                                ; On                 ; On                 ;
; Force Use of Synchronous Clear Signals                           ; Off                ; Off                ;
; Auto RAM Block Balancing                                         ; On                 ; On                 ;
; Auto RAM to Logic Cell Conversion                                ; Off                ; Off                ;
; Auto Resource Sharing                                            ; Off                ; Off                ;
; Allow Any RAM Size For Recognition                               ; Off                ; Off                ;
; Allow Any ROM Size For Recognition                               ; Off                ; Off                ;
; Allow Any Shift Register Size For Recognition                    ; Off                ; Off                ;
; Use LogicLock Constraints during Resource Balancing              ; On                 ; On                 ;
; Ignore translate_off and synthesis_off directives                ; Off                ; Off                ;
; Timing-Driven Synthesis                                          ; On                 ; On                 ;
; Report Parameter Settings                                        ; On                 ; On                 ;
; Report Source Assignments                                        ; On                 ; On                 ;
; Report Connectivity Checks                                       ; On                 ; On                 ;
; Ignore Maximum Fan-Out Assignments                               ; Off                ; Off                ;
; Synchronization Register Chain Length                            ; 2                  ; 2                  ;
; Power Optimization During Synthesis                              ; Normal compilation ; Normal compilation ;
; HDL message level                                                ; Level2             ; Level2             ;
; Suppress Register Optimization Related Messages                  ; Off                ; Off                ;
; Number of Removed Registers Reported in Synthesis Report         ; 5000               ; 5000               ;
; Number of Swept Nodes Reported in Synthesis Report               ; 5000               ; 5000               ;
; Number of Inverted Registers Reported in Synthesis Report        ; 100                ; 100                ;
; Clock MUX Protection                                             ; On                 ; On                 ;
; Auto Gated Clock Conversion                                      ; Off                ; Off                ;
; Block Design Naming                                              ; Auto               ; Auto               ;
; SDC constraint protection                                        ; Off                ; Off                ;
; Synthesis Effort                                                 ; Auto               ; Auto               ;
; Shift Register Replacement - Allow Asynchronous Clear Signal     ; On                 ; On                 ;
; Pre-Mapping Resynthesis Optimization                             ; Off                ; Off                ;
; Analysis & Synthesis Message Level                               ; Medium             ; Medium             ;
; Disable Register Merging Across Hierarchies                      ; Auto               ; Auto               ;
; Resource Aware Inference For Block RAM                           ; On                 ; On                 ;
+------------------------------------------------------------------+--------------------+--------------------+


+------------------------------------------+
; Parallel Compilation                     ;
+----------------------------+-------------+
; Processors                 ; Number      ;
+----------------------------+-------------+
; Number detected on machine ; 16          ;
; Maximum allowed            ; 16          ;
;                            ;             ;
; Average used               ; 1.00        ;
; Maximum used               ; 16          ;
;                            ;             ;
; Usage by Processor         ; % Time Used ;
;     Processor 1            ; 100.0%      ;
;     Processors 2-16        ;   0.0%      ;
+----------------------------+-------------+


+-----------------------------------------------------------------------------------------------------------------------------------+
; Analysis & Synthesis Source Files Read                                                                                            ;
+----------------------------------+-----------------+------------------------+-------------------------------------------+---------+
; File Name with User-Entered Path ; Used in Netlist ; File Type              ; File Name with Absolute Path              ; Library ;
+----------------------------------+-----------------+------------------------+-------------------------------------------+---------+
; ly_2257_3.v                      ; yes             ; User Verilog HDL File  ; D:/intelFPGA_lite/ly_2257_3/ly_2257_3.v   ;         ;
; ly_2257_3_1.v                    ; yes             ; User Verilog HDL File  ; D:/intelFPGA_lite/ly_2257_3/ly_2257_3_1.v ;         ;
; ly_2257_3_2.v                    ; yes             ; User Verilog HDL File  ; D:/intelFPGA_lite/ly_2257_3/ly_2257_3_2.v ;         ;
+----------------------------------+-----------------+------------------------+-------------------------------------------+---------+


+-------------------------------------------------------------------+
; Analysis & Synthesis Resource Usage Summary                       ;
+---------------------------------------------+---------------------+
; Resource                                    ; Usage               ;
+---------------------------------------------+---------------------+
; Estimated Total logic elements              ; 26                  ;
;                                             ;                     ;
; Total combinational functions               ; 26                  ;
; Logic element usage by number of LUT inputs ;                     ;
;     -- 4 input functions                    ; 6                   ;
;     -- 3 input functions                    ; 18                  ;
;     -- <=2 input functions                  ; 2                   ;
;                                             ;                     ;
; Logic elements by mode                      ;                     ;
;     -- normal mode                          ; 23                  ;
;     -- arithmetic mode                      ; 3                   ;
;                                             ;                     ;
; Total registers                             ; 4                   ;
;     -- Dedicated logic registers            ; 4                   ;
;     -- I/O registers                        ; 0                   ;
;                                             ;                     ;
; I/O pins                                    ; 22                  ;
;                                             ;                     ;
; Embedded Multiplier 9-bit elements          ; 0                   ;
;                                             ;                     ;
; Maximum fan-out node                        ; ly_2257_3_1:js|Q[0] ;
; Maximum fan-out                             ; 11                  ;
; Total fan-out                               ; 134                 ;
; Average fan-out                             ; 1.81                ;
+---------------------------------------------+---------------------+


+----------------------------------------------------------------------------------------------------------------------------------------------------------------------------------------------------------------+
; Analysis & Synthesis Resource Utilization by Entity                                                                                                                                                            ;
+----------------------------+---------------------+---------------------------+-------------+--------------+---------+-----------+------+--------------+---------------------------+-------------+--------------+
; Compilation Hierarchy Node ; Combinational ALUTs ; Dedicated Logic Registers ; Memory Bits ; DSP Elements ; DSP 9x9 ; DSP 18x18 ; Pins ; Virtual Pins ; Full Hierarchy Name       ; Entity Name ; Library Name ;
+----------------------------+---------------------+---------------------------+-------------+--------------+---------+-----------+------+--------------+---------------------------+-------------+--------------+
; |ly_2257_3                 ; 26 (0)              ; 4 (0)                     ; 0           ; 0            ; 0       ; 0         ; 22   ; 0            ; |ly_2257_3                ; ly_2257_3   ; work         ;
;    |ly_2257_3_1:js|        ; 11 (11)             ; 4 (4)                     ; 0           ; 0            ; 0       ; 0         ; 0    ; 0            ; |ly_2257_3|ly_2257_3_1:js ; ly_2257_3_1 ; work         ;
;    |ly_2257_3_2:ym|        ; 15 (15)             ; 0 (0)                     ; 0           ; 0            ; 0       ; 0         ; 0    ; 0            ; |ly_2257_3|ly_2257_3_2:ym ; ly_2257_3_2 ; work         ;
+----------------------------+---------------------+---------------------------+-------------+--------------+---------+-----------+------+--------------+---------------------------+-------------+--------------+
Note: For table entries with two numbers listed, the numbers in parentheses indicate the number of resources of the given type used by the specific entity alone. The numbers listed outside of parentheses indicate the total resources of the given type used by the specific entity and all of its sub-entities in the hierarchy.


+---------------------------------------------------------------------------------------------------+
; User-Specified and Inferred Latches                                                               ;
+----------------------------------------------------+---------------------+------------------------+
; Latch Name                                         ; Latch Enable Signal ; Free of Timing Hazards ;
+----------------------------------------------------+---------------------+------------------------+
; ly_2257_3_2:ym|codeout[0]                          ; ly_2257_3_2:ym|Mux7 ; yes                    ;
; ly_2257_3_2:ym|codeout[1]                          ; ly_2257_3_2:ym|Mux7 ; yes                    ;
; ly_2257_3_2:ym|codeout[2]                          ; ly_2257_3_2:ym|Mux7 ; yes                    ;
; ly_2257_3_2:ym|codeout[3]                          ; ly_2257_3_2:ym|Mux7 ; yes                    ;
; ly_2257_3_2:ym|codeout[4]                          ; ly_2257_3_2:ym|Mux7 ; yes                    ;
; ly_2257_3_2:ym|codeout[5]                          ; ly_2257_3_2:ym|Mux7 ; yes                    ;
; ly_2257_3_2:ym|codeout[6]                          ; ly_2257_3_2:ym|Mux7 ; yes                    ;
; Number of user-specified and inferred latches = 7  ;                     ;                        ;
+----------------------------------------------------+---------------------+------------------------+
Note: All latches listed above may not be present at the end of synthesis due to various synthesis optimizations.


+------------------------------------------------------+
; General Register Statistics                          ;
+----------------------------------------------+-------+
; Statistic                                    ; Value ;
+----------------------------------------------+-------+
; Total registers                              ; 4     ;
; Number of registers using Synchronous Clear  ; 0     ;
; Number of registers using Synchronous Load   ; 1     ;
; Number of registers using Asynchronous Clear ; 4     ;
; Number of registers using Asynchronous Load  ; 0     ;
; Number of registers using Clock Enable       ; 4     ;
; Number of registers using Preset             ; 0     ;
+----------------------------------------------+-------+


+----------------------------------------------------------------------------------------------------------------------------------------------+
; Multiplexer Restructuring Statistics (Restructuring Performed)                                                                               ;
+--------------------+-----------+---------------+----------------------+------------------------+------------+--------------------------------+
; Multiplexer Inputs ; Bus Width ; Baseline Area ; Area if Restructured ; Saving if Restructured ; Registered ; Example Multiplexer Output     ;
+--------------------+-----------+---------------+----------------------+------------------------+------------+--------------------------------+
; 3:1                ; 2 bits    ; 4 LEs         ; 4 LEs                ; 0 LEs                  ; Yes        ; |ly_2257_3|ly_2257_3_1:js|Q[1] ;
; 3:1                ; 2 bits    ; 4 LEs         ; 4 LEs                ; 0 LEs                  ; Yes        ; |ly_2257_3|ly_2257_3_1:js|Q[0] ;
+--------------------+-----------+---------------+----------------------+------------------------+------------+--------------------------------+


+-----------------------------------------------------+
; Post-Synthesis Netlist Statistics for Top Partition ;
+-----------------------+-----------------------------+
; Type                  ; Count                       ;
+-----------------------+-----------------------------+
; boundary_port         ; 22                          ;
; cycloneiii_ff         ; 4                           ;
;     ENA CLR           ; 3                           ;
;     ENA CLR SLD       ; 1                           ;
; cycloneiii_lcell_comb ; 27                          ;
;     arith             ; 3                           ;
;         2 data inputs ; 1                           ;
;         3 data inputs ; 2                           ;
;     normal            ; 24                          ;
;         0 data inputs ; 1                           ;
;         2 data inputs ; 1                           ;
;         3 data inputs ; 16                          ;
;         4 data inputs ; 6                           ;
;                       ;                             ;
; Max LUT depth         ; 3.00                        ;
; Average LUT depth     ; 1.79                        ;
+-----------------------+-----------------------------+


+-------------------------------+
; Elapsed Time Per Partition    ;
+----------------+--------------+
; Partition Name ; Elapsed Time ;
+----------------+--------------+
; Top            ; 00:00:01     ;
+----------------+--------------+


+-------------------------------+
; Analysis & Synthesis Messages ;
+-------------------------------+
Info: *******************************************************************
Info: Running Quartus Prime Analysis & Synthesis
    Info: Version 18.1.0 Build 625 09/12/2018 SJ Lite Edition
    Info: Processing started: Mon Oct 25 20:55:38 2021
Info: Command: quartus_map --read_settings_files=on --write_settings_files=off ly_2257_3 -c ly_2257_3
Warning (18236): Number of processors has not been specified which may cause overloading on shared machines.  Set the global assignment NUM_PARALLEL_PROCESSORS in your QSF to an appropriate value for best performance.
Info (20030): Parallel compilation is enabled and will use 16 of the 16 processors detected
Info (12021): Found 1 design units, including 1 entities, in source file ly_2257_3.v
    Info (12023): Found entity 1: ly_2257_3 File: D:/intelFPGA_lite/ly_2257_3/ly_2257_3.v Line: 1
Info (12021): Found 1 design units, including 1 entities, in source file ly_2257_3_1.v
    Info (12023): Found entity 1: ly_2257_3_1 File: D:/intelFPGA_lite/ly_2257_3/ly_2257_3_1.v Line: 1
Info (12021): Found 1 design units, including 1 entities, in source file ly_2257_3_2.v
    Info (12023): Found entity 1: ly_2257_3_2 File: D:/intelFPGA_lite/ly_2257_3/ly_2257_3_2.v Line: 1
Info (12127): Elaborating entity "ly_2257_3" for the top level hierarchy
Info (12128): Elaborating entity "ly_2257_3_1" for hierarchy "ly_2257_3_1:js" File: D:/intelFPGA_lite/ly_2257_3/ly_2257_3.v Line: 8
Info (12128): Elaborating entity "ly_2257_3_2" for hierarchy "ly_2257_3_2:ym" File: D:/intelFPGA_lite/ly_2257_3/ly_2257_3.v Line: 9
Warning (10270): Verilog HDL Case Statement warning at ly_2257_3_2.v(8): incomplete case statement has no default case item File: D:/intelFPGA_lite/ly_2257_3/ly_2257_3_2.v Line: 8
Warning (10240): Verilog HDL Always Construct warning at ly_2257_3_2.v(6): inferring latch(es) for variable "codeout", which holds its previous value in one or more paths through the always construct File: D:/intelFPGA_lite/ly_2257_3/ly_2257_3_2.v Line: 6
Info (10041): Inferred latch for "codeout[0]" at ly_2257_3_2.v(6) File: D:/intelFPGA_lite/ly_2257_3/ly_2257_3_2.v Line: 6
Info (10041): Inferred latch for "codeout[1]" at ly_2257_3_2.v(6) File: D:/intelFPGA_lite/ly_2257_3/ly_2257_3_2.v Line: 6
Info (10041): Inferred latch for "codeout[2]" at ly_2257_3_2.v(6) File: D:/intelFPGA_lite/ly_2257_3/ly_2257_3_2.v Line: 6
Info (10041): Inferred latch for "codeout[3]" at ly_2257_3_2.v(6) File: D:/intelFPGA_lite/ly_2257_3/ly_2257_3_2.v Line: 6
Info (10041): Inferred latch for "codeout[4]" at ly_2257_3_2.v(6) File: D:/intelFPGA_lite/ly_2257_3/ly_2257_3_2.v Line: 6
Info (10041): Inferred latch for "codeout[5]" at ly_2257_3_2.v(6) File: D:/intelFPGA_lite/ly_2257_3/ly_2257_3_2.v Line: 6
Info (10041): Inferred latch for "codeout[6]" at ly_2257_3_2.v(6) File: D:/intelFPGA_lite/ly_2257_3/ly_2257_3_2.v Line: 6
Warning (13012): Latch ly_2257_3_2:ym|codeout[0] has unsafe behavior File: D:/intelFPGA_lite/ly_2257_3/ly_2257_3_2.v Line: 6
    Warning (13013): Ports D and ENA on the latch are fed by the same signal ly_2257_3_1:js|Q[1] File: D:/intelFPGA_lite/ly_2257_3/ly_2257_3_1.v Line: 10
Warning (13012): Latch ly_2257_3_2:ym|codeout[1] has unsafe behavior File: D:/intelFPGA_lite/ly_2257_3/ly_2257_3_2.v Line: 6
    Warning (13013): Ports D and ENA on the latch are fed by the same signal ly_2257_3_1:js|Q[2] File: D:/intelFPGA_lite/ly_2257_3/ly_2257_3_1.v Line: 10
Warning (13012): Latch ly_2257_3_2:ym|codeout[2] has unsafe behavior File: D:/intelFPGA_lite/ly_2257_3/ly_2257_3_2.v Line: 6
    Warning (13013): Ports D and ENA on the latch are fed by the same signal ly_2257_3_1:js|Q[2] File: D:/intelFPGA_lite/ly_2257_3/ly_2257_3_1.v Line: 10
Warning (13012): Latch ly_2257_3_2:ym|codeout[3] has unsafe behavior File: D:/intelFPGA_lite/ly_2257_3/ly_2257_3_2.v Line: 6
    Warning (13013): Ports D and ENA on the latch are fed by the same signal ly_2257_3_1:js|Q[1] File: D:/intelFPGA_lite/ly_2257_3/ly_2257_3_1.v Line: 10
Warning (13012): Latch ly_2257_3_2:ym|codeout[4] has unsafe behavior File: D:/intelFPGA_lite/ly_2257_3/ly_2257_3_2.v Line: 6
    Warning (13013): Ports D and ENA on the latch are fed by the same signal ly_2257_3_1:js|Q[2] File: D:/intelFPGA_lite/ly_2257_3/ly_2257_3_1.v Line: 10
Warning (13012): Latch ly_2257_3_2:ym|codeout[5] has unsafe behavior File: D:/intelFPGA_lite/ly_2257_3/ly_2257_3_2.v Line: 6
    Warning (13013): Ports D and ENA on the latch are fed by the same signal ly_2257_3_1:js|Q[1] File: D:/intelFPGA_lite/ly_2257_3/ly_2257_3_1.v Line: 10
Warning (13012): Latch ly_2257_3_2:ym|codeout[6] has unsafe behavior File: D:/intelFPGA_lite/ly_2257_3/ly_2257_3_2.v Line: 6
    Warning (13013): Ports D and ENA on the latch are fed by the same signal ly_2257_3_1:js|Q[1] File: D:/intelFPGA_lite/ly_2257_3/ly_2257_3_1.v Line: 10
Warning (13024): Output pins are stuck at VCC or GND
    Warning (13410): Pin "seg" is stuck at VCC File: D:/intelFPGA_lite/ly_2257_3/ly_2257_3.v Line: 7
Info (286030): Timing-Driven Synthesis is running
Info (16010): Generating hard_block partition "hard_block:auto_generated_inst"
    Info (16011): Adding 0 node(s), including 0 DDIO, 0 PLL, 0 transceiver and 0 LCELL
Info (21057): Implemented 48 device resources after synthesis - the final resource count might be different
    Info (21058): Implemented 9 input pins
    Info (21059): Implemented 13 output pins
    Info (21061): Implemented 26 logic cells
Info: Quartus Prime Analysis & Synthesis was successful. 0 errors, 19 warnings
    Info: Peak virtual memory: 4833 megabytes
    Info: Processing ended: Mon Oct 25 20:56:08 2021
    Info: Elapsed time: 00:00:30
    Info: Total CPU time (on all processors): 00:01:06


